mode: set
yx-daq/internal/three_hole/csv_writer.go:23.50,25.2 1 1
yx-daq/internal/three_hole/csv_writer.go:28.81,29.20 1 1
yx-daq/internal/three_hole/csv_writer.go:29.20,31.3 1 0
yx-daq/internal/three_hole/csv_writer.go:32.2,32.61 1 1
yx-daq/internal/three_hole/csv_writer.go:32.61,34.3 1 0
yx-daq/internal/three_hole/csv_writer.go:35.2,35.52 1 1
yx-daq/internal/three_hole/csv_writer.go:35.52,37.3 1 0
yx-daq/internal/three_hole/csv_writer.go:38.2,41.16 3 1
yx-daq/internal/three_hole/csv_writer.go:41.16,43.3 1 0
yx-daq/internal/three_hole/csv_writer.go:46.2,58.47 5 1
yx-daq/internal/three_hole/csv_writer.go:58.47,60.3 1 0
yx-daq/internal/three_hole/csv_writer.go:61.2,63.12 2 1
yx-daq/internal/three_hole/csv_writer.go:67.86,68.21 1 1
yx-daq/internal/three_hole/csv_writer.go:68.21,70.3 1 0
yx-daq/internal/three_hole/csv_writer.go:72.2,90.47 2 1
yx-daq/internal/three_hole/csv_writer.go:90.47,92.3 1 0
yx-daq/internal/three_hole/csv_writer.go:94.2,95.38 2 1
yx-daq/internal/three_hole/csv_writer.go:95.38,97.3 1 0
yx-daq/internal/three_hole/csv_writer.go:99.2,99.12 1 1
yx-daq/internal/three_hole/csv_writer.go:103.38,104.21 1 1
yx-daq/internal/three_hole/csv_writer.go:104.21,106.3 1 1
yx-daq/internal/three_hole/csv_writer.go:107.2,107.19 1 1
yx-daq/internal/three_hole/csv_writer.go:107.19,110.3 2 1
yx-daq/internal/three_hole/data_processor.go:29.136,36.2 1 1
yx-daq/internal/three_hole/data_processor.go:39.70,41.2 1 1
yx-daq/internal/three_hole/data_processor.go:44.78,46.2 1 1
yx-daq/internal/three_hole/data_processor.go:49.72,51.2 1 1
yx-daq/internal/three_hole/data_processor.go:54.86,55.30 1 0
yx-daq/internal/three_hole/data_processor.go:55.30,57.3 1 0
yx-daq/internal/three_hole/data_processor.go:58.2,61.28 4 0
yx-daq/internal/three_hole/data_processor.go:65.48,66.31 1 0
yx-daq/internal/three_hole/data_processor.go:66.31,68.3 1 0
yx-daq/internal/three_hole/data_processor.go:69.2,70.9 2 0
yx-daq/internal/three_hole/data_processor.go:71.38,71.38 0 0
yx-daq/internal/three_hole/data_processor.go:72.10,72.10 0 0
yx-daq/internal/three_hole/data_processor.go:77.47,83.6 4 0
yx-daq/internal/three_hole/data_processor.go:83.6,84.10 1 0
yx-daq/internal/three_hole/data_processor.go:85.27,86.10 1 0
yx-daq/internal/three_hole/data_processor.go:87.19,87.19 0 0
yx-daq/internal/three_hole/data_processor.go:93.3,94.49 2 0
yx-daq/internal/three_hole/data_processor.go:94.49,95.12 1 0
yx-daq/internal/three_hole/data_processor.go:99.3,106.5 2 0
yx-daq/internal/three_hole/data_processor.go:111.136,113.64 1 1
yx-daq/internal/three_hole/data_processor.go:113.64,115.3 1 0
yx-daq/internal/three_hole/data_processor.go:118.2,118.56 1 1
yx-daq/internal/three_hole/data_processor.go:118.56,120.3 1 0
yx-daq/internal/three_hole/data_processor.go:123.2,124.64 2 1
yx-daq/internal/three_hole/data_processor.go:124.64,126.3 1 0
yx-daq/internal/three_hole/data_processor.go:129.2,129.50 1 1
yx-daq/internal/three_hole/data_processor.go:133.96,134.27 1 1
yx-daq/internal/three_hole/data_processor.go:134.27,136.3 1 0
yx-daq/internal/three_hole/data_processor.go:138.2,138.26 1 1
yx-daq/internal/three_hole/data_processor.go:138.26,140.3 1 0
yx-daq/internal/three_hole/data_processor.go:143.2,152.12 5 1
yx-daq/internal/three_hole/data_processor.go:152.12,154.88 2 1
yx-daq/internal/three_hole/data_processor.go:154.88,156.4 1 0
yx-daq/internal/three_hole/data_processor.go:160.2,161.12 2 1
yx-daq/internal/three_hole/data_processor.go:161.12,163.87 2 1
yx-daq/internal/three_hole/data_processor.go:163.87,165.4 1 0
yx-daq/internal/three_hole/data_processor.go:168.2,172.27 3 1
yx-daq/internal/three_hole/data_processor.go:172.27,174.3 1 0
yx-daq/internal/three_hole/data_processor.go:177.2,177.28 1 1
yx-daq/internal/three_hole/data_processor.go:177.28,179.25 2 1
yx-daq/internal/three_hole/data_processor.go:179.25,181.4 1 0
yx-daq/internal/three_hole/data_processor.go:183.3,187.13 3 1
yx-daq/internal/three_hole/data_processor.go:187.13,189.97 2 1
yx-daq/internal/three_hole/data_processor.go:189.97,192.5 2 0
yx-daq/internal/three_hole/data_processor.go:196.3,196.13 1 1
yx-daq/internal/three_hole/data_processor.go:196.13,198.96 2 1
yx-daq/internal/three_hole/data_processor.go:198.96,201.5 2 0
yx-daq/internal/three_hole/data_processor.go:204.3,204.12 1 1
yx-daq/internal/three_hole/data_processor.go:207.2,207.12 1 1
yx-daq/internal/three_hole/data_processor.go:211.102,218.6 5 0
yx-daq/internal/three_hole/data_processor.go:218.6,219.10 1 0
yx-daq/internal/three_hole/data_processor.go:220.19,221.10 1 0
yx-daq/internal/three_hole/data_processor.go:222.19,222.19 0 0
yx-daq/internal/three_hole/data_processor.go:226.3,227.36 2 0
yx-daq/internal/three_hole/data_processor.go:227.36,228.27 1 0
yx-daq/internal/three_hole/data_processor.go:228.27,230.5 1 0
yx-daq/internal/three_hole/data_processor.go:231.4,231.11 1 0
yx-daq/internal/three_hole/data_processor.go:232.20,233.11 1 0
yx-daq/internal/three_hole/data_processor.go:234.46,234.46 0 0
yx-daq/internal/three_hole/data_processor.go:239.3,239.27 1 0
yx-daq/internal/three_hole/data_processor.go:239.27,243.4 3 0
yx-daq/internal/three_hole/data_processor.go:246.3,246.31 1 0
yx-daq/internal/three_hole/data_processor.go:246.31,248.22 2 0
yx-daq/internal/three_hole/data_processor.go:248.22,256.5 2 0
yx-daq/internal/three_hole/data_processor.go:259.3,259.33 1 0
yx-daq/internal/three_hole/data_processor.go:259.33,261.4 1 0
yx-daq/internal/three_hole/data_processor.go:266.143,273.61 3 1
yx-daq/internal/three_hole/data_processor.go:273.61,275.65 1 1
yx-daq/internal/three_hole/data_processor.go:275.65,277.4 1 0
yx-daq/internal/three_hole/data_processor.go:280.3,281.65 2 1
yx-daq/internal/three_hole/data_processor.go:281.65,283.4 1 0
yx-daq/internal/three_hole/data_processor.go:286.3,287.21 2 1
yx-daq/internal/three_hole/data_processor.go:287.21,288.12 1 0
yx-daq/internal/three_hole/data_processor.go:290.3,293.31 2 1
yx-daq/internal/three_hole/data_processor.go:293.31,301.4 2 1
yx-daq/internal/three_hole/data_processor.go:304.3,305.22 2 1
yx-daq/internal/three_hole/data_processor.go:305.22,307.4 1 0
yx-daq/internal/three_hole/data_processor.go:308.3,308.59 1 1
yx-daq/internal/three_hole/data_processor.go:311.2,311.23 1 1
yx-daq/internal/three_hole/data_processor.go:311.23,318.3 1 0
yx-daq/internal/three_hole/data_processor.go:321.2,339.23 5 1
yx-daq/internal/three_hole/data_processor.go:343.64,344.27 1 1
yx-daq/internal/three_hole/data_processor.go:344.27,346.3 1 0
yx-daq/internal/three_hole/data_processor.go:348.2,349.16 2 1
yx-daq/internal/three_hole/data_processor.go:349.16,352.3 2 0
yx-daq/internal/three_hole/data_processor.go:354.2,355.57 2 1
yx-daq/internal/three_hole/data_processor.go:355.57,356.18 1 1
yx-daq/internal/three_hole/data_processor.go:356.18,357.12 1 0
yx-daq/internal/three_hole/data_processor.go:359.3,360.10 2 1
yx-daq/internal/three_hole/data_processor.go:360.10,361.12 1 0
yx-daq/internal/three_hole/data_processor.go:363.3,363.18 1 1
yx-daq/internal/three_hole/data_processor.go:364.24,365.19 1 1
yx-daq/internal/three_hole/data_processor.go:366.24,367.19 1 1
yx-daq/internal/three_hole/data_processor.go:368.24,369.19 1 1
yx-daq/internal/three_hole/data_processor.go:370.26,371.21 1 1
yx-daq/internal/three_hole/data_processor.go:372.26,373.21 1 1
yx-daq/internal/three_hole/data_processor.go:377.2,377.15 1 1
yx-daq/internal/three_hole/data_processor.go:381.89,382.23 1 1
yx-daq/internal/three_hole/data_processor.go:382.23,384.3 1 0
yx-daq/internal/three_hole/data_processor.go:385.2,385.22 1 1
yx-daq/internal/three_hole/data_processor.go:385.22,387.3 1 1
yx-daq/internal/three_hole/data_processor.go:390.2,391.85 1 0
yx-daq/internal/three_hole/data_processor.go:391.85,391.100 1 0
yx-daq/internal/three_hole/data_processor.go:392.85,392.100 1 0
yx-daq/internal/three_hole/data_processor.go:393.85,393.100 1 0
yx-daq/internal/three_hole/data_processor.go:394.85,394.102 1 0
yx-daq/internal/three_hole/data_processor.go:395.85,395.102 1 0
yx-daq/internal/three_hole/data_processor.go:399.77,402.28 3 1
yx-daq/internal/three_hole/data_processor.go:402.28,408.3 5 1
yx-daq/internal/three_hole/data_processor.go:409.2,414.15 6 1
yx-daq/internal/three_hole/data_processor.go:417.100,419.28 2 0
yx-daq/internal/three_hole/data_processor.go:419.28,421.3 1 0
yx-daq/internal/three_hole/data_processor.go:422.2,422.13 1 0
yx-daq/internal/three_hole/data_processor.go:426.49,428.12 2 0
yx-daq/internal/three_hole/data_processor.go:428.12,430.3 1 0
yx-daq/internal/three_hole/data_processor.go:433.2,434.25 2 0
yx-daq/internal/three_hole/data_processor.go:434.25,436.3 1 0
yx-daq/internal/three_hole/data_processor.go:437.2,441.25 3 0
yx-daq/internal/three_hole/data_processor.go:441.25,444.3 2 0
yx-daq/internal/three_hole/data_processor.go:445.2,447.18 3 0
yx-daq/internal/three_hole/data_processor.go:447.18,449.3 1 0
yx-daq/internal/three_hole/data_processor.go:452.2,457.25 5 0
yx-daq/internal/three_hole/data_processor.go:457.25,458.25 1 0
yx-daq/internal/three_hole/data_processor.go:458.25,461.4 2 0
yx-daq/internal/three_hole/data_processor.go:465.2,465.13 1 0
yx-daq/internal/three_hole/data_processor.go:465.13,467.3 1 0
yx-daq/internal/three_hole/data_processor.go:468.2,468.27 1 0
yx-daq/internal/three_hole/event_handler.go:19.158,26.2 1 1
yx-daq/internal/three_hole/event_handler.go:29.82,31.86 1 1
yx-daq/internal/three_hole/event_handler.go:31.86,35.3 3 0
yx-daq/internal/three_hole/event_handler.go:36.2,36.12 1 1
yx-daq/internal/three_hole/event_handler.go:40.89,46.2 2 1
yx-daq/internal/three_hole/event_handler.go:49.64,50.36 1 0
yx-daq/internal/three_hole/event_handler.go:50.36,52.3 1 0
yx-daq/internal/three_hole/event_handler.go:54.2,56.41 3 0
yx-daq/internal/three_hole/event_handler.go:62.53,64.2 1 1
yx-daq/internal/three_hole/event_handler.go:67.96,69.60 1 1
yx-daq/internal/three_hole/event_handler.go:69.60,72.3 2 0
yx-daq/internal/three_hole/event_handler.go:75.2,90.12 6 1
yx-daq/internal/three_hole/event_handler.go:94.82,95.30 1 0
yx-daq/internal/three_hole/event_handler.go:95.30,97.3 1 0
yx-daq/internal/three_hole/event_handler.go:99.2,112.4 5 0
yx-daq/internal/three_hole/interpolator.go:41.56,43.2 1 1
yx-daq/internal/three_hole/interpolator.go:46.74,49.31 2 1
yx-daq/internal/three_hole/interpolator.go:49.31,51.17 2 1
yx-daq/internal/three_hole/interpolator.go:51.17,53.4 1 0
yx-daq/internal/three_hole/interpolator.go:54.3,56.55 3 1
yx-daq/internal/three_hole/interpolator.go:56.55,58.4 1 1
yx-daq/internal/three_hole/interpolator.go:59.3,59.35 1 1
yx-daq/internal/three_hole/interpolator.go:62.2,62.23 1 1
yx-daq/internal/three_hole/interpolator.go:62.23,64.3 1 0
yx-daq/internal/three_hole/interpolator.go:67.2,67.42 1 1
yx-daq/internal/three_hole/interpolator.go:67.42,69.3 1 1
yx-daq/internal/three_hole/interpolator.go:72.2,73.36 2 1
yx-daq/internal/three_hole/interpolator.go:73.36,74.49 1 1
yx-daq/internal/three_hole/interpolator.go:74.49,76.4 1 0
yx-daq/internal/three_hole/interpolator.go:77.3,77.29 1 1
yx-daq/internal/three_hole/interpolator.go:77.29,78.72 1 1
yx-daq/internal/three_hole/interpolator.go:78.72,80.5 1 1
yx-daq/internal/three_hole/interpolator.go:84.2,88.33 3 1
yx-daq/internal/three_hole/interpolator.go:88.33,90.3 1 1
yx-daq/internal/three_hole/interpolator.go:93.2,96.28 4 1
yx-daq/internal/three_hole/interpolator.go:96.28,98.22 2 1
yx-daq/internal/three_hole/interpolator.go:98.22,100.4 1 0
yx-daq/internal/three_hole/interpolator.go:101.3,101.22 1 1
yx-daq/internal/three_hole/interpolator.go:101.22,103.4 1 1
yx-daq/internal/three_hole/interpolator.go:105.2,108.12 3 1
yx-daq/internal/three_hole/interpolator.go:112.49,114.2 1 1
yx-daq/internal/three_hole/interpolator.go:117.79,119.34 2 0
yx-daq/internal/three_hole/interpolator.go:119.34,125.3 1 0
yx-daq/internal/three_hole/interpolator.go:126.2,126.14 1 0
yx-daq/internal/three_hole/interpolator.go:132.110,133.15 1 1
yx-daq/internal/three_hole/interpolator.go:133.15,135.3 1 1
yx-daq/internal/three_hole/interpolator.go:137.2,146.44 6 1
yx-daq/internal/three_hole/interpolator.go:146.44,156.3 1 1
yx-daq/internal/three_hole/interpolator.go:158.2,161.49 2 1
yx-daq/internal/three_hole/interpolator.go:161.49,168.3 1 1
yx-daq/internal/three_hole/interpolator.go:171.2,175.46 4 1
yx-daq/internal/three_hole/interpolator.go:175.46,179.10 3 1
yx-daq/internal/three_hole/interpolator.go:179.10,190.4 1 0
yx-daq/internal/three_hole/interpolator.go:192.3,196.49 4 1
yx-daq/internal/three_hole/interpolator.go:196.49,199.9 3 0
yx-daq/internal/three_hole/interpolator.go:202.3,202.47 1 1
yx-daq/internal/three_hole/interpolator.go:206.2,207.9 2 1
yx-daq/internal/three_hole/interpolator.go:207.9,218.3 1 0
yx-daq/internal/three_hole/interpolator.go:220.2,226.16 5 1
yx-daq/internal/three_hole/interpolator.go:226.16,228.3 1 1
yx-daq/internal/three_hole/interpolator.go:229.2,229.48 1 1
yx-daq/internal/three_hole/interpolator.go:229.48,231.3 1 1
yx-daq/internal/three_hole/interpolator.go:233.2,242.23 2 1
yx-daq/internal/three_hole/interpolator.go:242.23,244.3 1 1
yx-daq/internal/three_hole/interpolator.go:245.2,245.15 1 1
yx-daq/internal/three_hole/interpolator.go:251.115,252.27 1 1
yx-daq/internal/three_hole/interpolator.go:252.27,254.3 1 0
yx-daq/internal/three_hole/interpolator.go:257.2,262.26 3 1
yx-daq/internal/three_hole/interpolator.go:262.26,264.3 1 0
yx-daq/internal/three_hole/interpolator.go:267.2,267.45 1 1
yx-daq/internal/three_hole/interpolator.go:267.45,269.3 1 1
yx-daq/internal/three_hole/interpolator.go:272.2,272.55 1 1
yx-daq/internal/three_hole/interpolator.go:278.114,280.12 2 1
yx-daq/internal/three_hole/interpolator.go:280.12,282.3 1 1
yx-daq/internal/three_hole/interpolator.go:285.2,285.33 1 1
yx-daq/internal/three_hole/interpolator.go:285.33,286.42 1 1
yx-daq/internal/three_hole/interpolator.go:286.42,288.4 1 1
yx-daq/internal/three_hole/interpolator.go:292.2,292.43 1 1
yx-daq/internal/three_hole/interpolator.go:304.133,306.12 2 1
yx-daq/internal/three_hole/interpolator.go:306.12,308.3 1 0
yx-daq/internal/three_hole/interpolator.go:311.2,312.55 2 1
yx-daq/internal/three_hole/interpolator.go:312.55,315.3 2 1
yx-daq/internal/three_hole/interpolator.go:317.2,318.31 2 1
yx-daq/internal/three_hole/interpolator.go:318.31,322.32 3 1
yx-daq/internal/three_hole/interpolator.go:322.32,324.4 1 1
yx-daq/internal/three_hole/interpolator.go:324.9,326.4 1 0
yx-daq/internal/three_hole/interpolator.go:328.3,333.4 1 1
yx-daq/internal/three_hole/interpolator.go:336.2,336.15 1 1
yx-daq/internal/three_hole/interpolator.go:341.134,343.12 2 1
yx-daq/internal/three_hole/interpolator.go:343.12,345.3 1 0
yx-daq/internal/three_hole/interpolator.go:348.2,349.25 2 1
yx-daq/internal/three_hole/interpolator.go:349.25,351.19 2 1
yx-daq/internal/three_hole/interpolator.go:351.19,352.48 1 1
yx-daq/internal/three_hole/interpolator.go:352.48,354.5 1 1
yx-daq/internal/three_hole/interpolator.go:356.3,356.19 1 1
yx-daq/internal/three_hole/interpolator.go:356.19,357.48 1 1
yx-daq/internal/three_hole/interpolator.go:357.48,359.5 1 1
yx-daq/internal/three_hole/interpolator.go:363.2,363.9 1 1
yx-daq/internal/three_hole/interpolator.go:364.34,365.24 1 0
yx-daq/internal/three_hole/interpolator.go:366.19,368.35 2 1
yx-daq/internal/three_hole/interpolator.go:369.19,371.35 2 1
yx-daq/internal/three_hole/interpolator.go:372.22,374.35 2 1
yx-daq/internal/three_hole/interpolator.go:377.2,381.39 4 1
yx-daq/internal/three_hole/interpolator.go:381.39,383.3 1 0
yx-daq/internal/three_hole/interpolator.go:385.2,389.28 5 1
yx-daq/internal/three_hole/interpolator.go:396.54,398.43 2 1
yx-daq/internal/three_hole/interpolator.go:398.43,400.3 1 0
yx-daq/internal/three_hole/interpolator.go:402.2,404.16 3 1
yx-daq/internal/three_hole/interpolator.go:404.16,406.3 1 1
yx-daq/internal/three_hole/interpolator.go:408.2,410.14 2 1
yx-daq/internal/three_hole/interpolator.go:410.14,412.3 1 0
yx-daq/internal/three_hole/interpolator.go:413.2,413.24 1 1
yx-daq/internal/three_hole/interpolator.go:417.48,418.16 1 1
yx-daq/internal/three_hole/interpolator.go:418.16,420.3 1 1
yx-daq/internal/three_hole/interpolator.go:421.2,421.16 1 1
yx-daq/internal/three_hole/interpolator.go:421.16,423.3 1 1
yx-daq/internal/three_hole/interpolator.go:424.2,424.11 1 1
yx-daq/internal/three_hole/interpolator.go:435.73,437.16 2 1
yx-daq/internal/three_hole/interpolator.go:437.16,439.3 1 0
yx-daq/internal/three_hole/interpolator.go:440.2,446.21 4 1
yx-daq/internal/three_hole/interpolator.go:446.21,448.3 1 1
yx-daq/internal/three_hole/interpolator.go:449.2,451.16 3 1
yx-daq/internal/three_hole/interpolator.go:451.16,453.3 1 0
yx-daq/internal/three_hole/interpolator.go:456.2,456.21 1 1
yx-daq/internal/three_hole/interpolator.go:456.21,458.3 1 1
yx-daq/internal/three_hole/interpolator.go:459.2,461.16 3 1
yx-daq/internal/three_hole/interpolator.go:461.16,463.3 1 0
yx-daq/internal/three_hole/interpolator.go:466.2,467.30 2 1
yx-daq/internal/three_hole/interpolator.go:467.30,468.22 1 1
yx-daq/internal/three_hole/interpolator.go:468.22,470.4 1 0
yx-daq/internal/three_hole/interpolator.go:471.3,474.22 3 1
yx-daq/internal/three_hole/interpolator.go:474.22,476.4 1 0
yx-daq/internal/three_hole/interpolator.go:478.3,479.17 2 1
yx-daq/internal/three_hole/interpolator.go:479.17,481.4 1 0
yx-daq/internal/three_hole/interpolator.go:482.3,483.17 2 1
yx-daq/internal/three_hole/interpolator.go:483.17,485.4 1 0
yx-daq/internal/three_hole/interpolator.go:486.3,487.17 2 1
yx-daq/internal/three_hole/interpolator.go:487.17,489.4 1 0
yx-daq/internal/three_hole/interpolator.go:490.3,491.17 2 1
yx-daq/internal/three_hole/interpolator.go:491.17,493.4 1 0
yx-daq/internal/three_hole/interpolator.go:495.3,500.5 1 1
yx-daq/internal/three_hole/interpolator.go:503.2,506.8 1 1
yx-daq/internal/three_hole/point_generator.go:13.74,14.24 1 1
yx-daq/internal/three_hole/point_generator.go:15.34,16.41 1 0
yx-daq/internal/three_hole/point_generator.go:17.39,18.51 1 1
yx-daq/internal/three_hole/point_generator.go:19.36,20.29 1 0
yx-daq/internal/three_hole/point_generator.go:21.10,22.34 1 0
yx-daq/internal/three_hole/point_generator.go:27.72,28.17 1 0
yx-daq/internal/three_hole/point_generator.go:28.17,30.3 1 0
yx-daq/internal/three_hole/point_generator.go:32.2,39.44 5 0
yx-daq/internal/three_hole/point_generator.go:39.44,45.3 4 0
yx-daq/internal/three_hole/point_generator.go:47.2,47.23 1 0
yx-daq/internal/three_hole/point_generator.go:47.23,49.3 1 0
yx-daq/internal/three_hole/point_generator.go:50.2,50.23 1 0
yx-daq/internal/three_hole/point_generator.go:50.23,52.3 1 0
yx-daq/internal/three_hole/point_generator.go:54.2,54.28 1 0
yx-daq/internal/three_hole/point_generator.go:54.28,55.29 1 0
yx-daq/internal/three_hole/point_generator.go:55.29,62.4 2 0
yx-daq/internal/three_hole/point_generator.go:65.2,65.15 1 0
yx-daq/internal/three_hole/point_generator.go:69.82,70.17 1 1
yx-daq/internal/three_hole/point_generator.go:70.17,72.3 1 0
yx-daq/internal/three_hole/point_generator.go:73.2,73.52 1 1
yx-daq/internal/three_hole/point_generator.go:73.52,75.3 1 0
yx-daq/internal/three_hole/point_generator.go:77.2,84.23 5 1
yx-daq/internal/three_hole/point_generator.go:84.23,86.3 1 0
yx-daq/internal/three_hole/point_generator.go:87.2,87.23 1 1
yx-daq/internal/three_hole/point_generator.go:87.23,89.3 1 0
yx-daq/internal/three_hole/point_generator.go:91.2,91.28 1 1
yx-daq/internal/three_hole/point_generator.go:91.28,92.29 1 1
yx-daq/internal/three_hole/point_generator.go:92.29,99.4 2 1
yx-daq/internal/three_hole/point_generator.go:102.2,102.15 1 1
yx-daq/internal/three_hole/point_generator.go:106.65,108.31 2 1
yx-daq/internal/three_hole/point_generator.go:108.31,109.26 1 1
yx-daq/internal/three_hole/point_generator.go:109.26,110.12 1 0
yx-daq/internal/three_hole/point_generator.go:112.3,112.20 1 1
yx-daq/internal/three_hole/point_generator.go:112.20,114.12 2 0
yx-daq/internal/three_hole/point_generator.go:116.3,116.19 1 1
yx-daq/internal/three_hole/point_generator.go:116.19,117.12 1 0
yx-daq/internal/three_hole/point_generator.go:120.3,121.38 2 1
yx-daq/internal/three_hole/point_generator.go:121.38,122.12 1 0
yx-daq/internal/three_hole/point_generator.go:124.3,124.27 1 1
yx-daq/internal/three_hole/point_generator.go:124.27,126.4 1 1
yx-daq/internal/three_hole/point_generator.go:128.2,128.15 1 1
yx-daq/internal/three_hole/service.go:44.97,64.2 9 1
yx-daq/internal/three_hole/service.go:67.81,69.2 1 1
yx-daq/internal/three_hole/service.go:72.89,74.2 1 1
yx-daq/internal/three_hole/service.go:77.83,79.2 1 1
yx-daq/internal/three_hole/service.go:82.78,84.2 1 1
yx-daq/internal/three_hole/service.go:87.58,89.2 1 0
yx-daq/internal/three_hole/service.go:92.83,94.2 1 0
yx-daq/internal/three_hole/service.go:99.97,100.28 1 0
yx-daq/internal/three_hole/service.go:100.28,101.10 1 0
yx-daq/internal/three_hole/service.go:102.38,102.38 0 0
yx-daq/internal/three_hole/service.go:103.11,103.11 0 0
yx-daq/internal/three_hole/service.go:106.2,106.46 1 0
yx-daq/internal/three_hole/service.go:110.59,111.28 1 0
yx-daq/internal/three_hole/service.go:111.28,113.3 1 0
yx-daq/internal/three_hole/service.go:119.98,121.42 1 1
yx-daq/internal/three_hole/service.go:121.42,123.3 1 0
yx-daq/internal/three_hole/service.go:126.2,126.32 1 1
yx-daq/internal/three_hole/service.go:126.32,128.3 1 0
yx-daq/internal/three_hole/service.go:131.2,131.59 1 1
yx-daq/internal/three_hole/service.go:131.59,133.3 1 0
yx-daq/internal/three_hole/service.go:136.2,137.16 2 1
yx-daq/internal/three_hole/service.go:137.16,140.3 2 1
yx-daq/internal/three_hole/service.go:143.2,145.20 2 1
yx-daq/internal/three_hole/service.go:149.45,151.2 1 0
yx-daq/internal/three_hole/service.go:154.46,156.2 1 0
yx-daq/internal/three_hole/service.go:159.44,163.28 2 0
yx-daq/internal/three_hole/service.go:163.28,164.10 1 0
yx-daq/internal/three_hole/service.go:165.38,165.38 0 0
yx-daq/internal/three_hole/service.go:166.11,166.11 0 0
yx-daq/internal/three_hole/service.go:172.84,174.2 1 1
yx-daq/internal/three_hole/service.go:177.80,179.2 1 0
yx-daq/internal/three_hole/service.go:184.103,195.31 6 1
yx-daq/internal/three_hole/service.go:195.31,196.10 1 1
yx-daq/internal/three_hole/service.go:197.33,198.10 1 0
yx-daq/internal/three_hole/service.go:199.11,199.11 0 1
yx-daq/internal/three_hole/service.go:203.3,203.44 1 1
yx-daq/internal/three_hole/service.go:203.44,205.4 1 0
yx-daq/internal/three_hole/service.go:208.3,208.35 1 1
yx-daq/internal/three_hole/service.go:208.35,210.4 1 0
yx-daq/internal/three_hole/service.go:213.3,219.17 5 1
yx-daq/internal/three_hole/service.go:219.17,220.37 1 0
yx-daq/internal/three_hole/service.go:220.37,222.5 1 0
yx-daq/internal/three_hole/service.go:223.4,224.12 2 0
yx-daq/internal/three_hole/service.go:228.3,228.71 1 1
yx-daq/internal/three_hole/service.go:228.71,230.4 1 0
yx-daq/internal/three_hole/test_manager.go:29.69,36.2 1 1
yx-daq/internal/three_hole/test_manager.go:39.85,43.26 3 1
yx-daq/internal/three_hole/test_manager.go:44.65,45.48 1 1
yx-daq/internal/three_hole/test_manager.go:48.2,57.38 9 1
yx-daq/internal/three_hole/test_manager.go:57.38,59.3 1 0
yx-daq/internal/three_hole/test_manager.go:60.2,60.22 1 1
yx-daq/internal/three_hole/test_manager.go:60.22,62.3 1 0
yx-daq/internal/three_hole/test_manager.go:64.2,78.20 6 1
yx-daq/internal/three_hole/test_manager.go:82.32,84.54 2 0
yx-daq/internal/three_hole/test_manager.go:84.54,87.3 2 0
yx-daq/internal/three_hole/test_manager.go:88.2,90.23 3 0
yx-daq/internal/three_hole/test_manager.go:94.33,96.53 2 0
yx-daq/internal/three_hole/test_manager.go:96.53,99.3 2 0
yx-daq/internal/three_hole/test_manager.go:100.2,103.9 4 0
yx-daq/internal/three_hole/test_manager.go:104.33,104.33 0 0
yx-daq/internal/three_hole/test_manager.go:105.10,105.10 0 0
yx-daq/internal/three_hole/test_manager.go:110.31,112.26 2 0
yx-daq/internal/three_hole/test_manager.go:113.125,113.125 0 0
yx-daq/internal/three_hole/test_manager.go:114.10,116.9 2 0
yx-daq/internal/three_hole/test_manager.go:118.2,126.9 5 0
yx-daq/internal/three_hole/test_manager.go:127.30,127.30 0 0
yx-daq/internal/three_hole/test_manager.go:128.10,128.10 0 0
yx-daq/internal/three_hole/test_manager.go:133.2,135.16 3 0
yx-daq/internal/three_hole/test_manager.go:139.79,146.32 4 1
yx-daq/internal/three_hole/test_manager.go:146.32,149.55 3 0
yx-daq/internal/three_hole/test_manager.go:149.55,151.4 1 0
yx-daq/internal/three_hole/test_manager.go:156.71,160.2 3 1
yx-daq/internal/three_hole/test_manager.go:163.67,167.2 3 0
yx-daq/internal/three_hole/test_manager.go:170.85,174.2 3 1
yx-daq/internal/three_hole/test_manager.go:177.101,183.2 5 1
yx-daq/internal/three_hole/test_manager.go:186.68,190.2 3 1
yx-daq/internal/three_hole/test_manager.go:193.52,197.2 3 1
yx-daq/internal/three_hole/test_manager.go:200.138,201.30 1 1
yx-daq/internal/three_hole/test_manager.go:201.30,203.3 1 0
yx-daq/internal/three_hole/test_manager.go:204.2,212.4 1 1
yx-daq/internal/three_hole/test_manager.go:216.86,217.30 1 1
yx-daq/internal/three_hole/test_manager.go:217.30,219.3 1 0
yx-daq/internal/three_hole/test_manager.go:220.2,224.4 1 1
yx-daq/internal/three_hole/test_manager.go:228.71,229.30 1 0
yx-daq/internal/three_hole/test_manager.go:229.30,231.3 1 0
yx-daq/internal/three_hole/test_manager.go:232.2,236.4 1 0
yx-daq/internal/three_hole/test_manager.go:240.54,242.30 2 0
yx-daq/internal/three_hole/test_manager.go:242.30,248.3 1 0
yx-daq/internal/three_hole/test_manager.go:252.54,259.30 5 1
yx-daq/internal/three_hole/test_manager.go:259.30,265.3 1 1
yx-daq/internal/three_hole/test_manager.go:270.69,271.9 1 1
yx-daq/internal/three_hole/test_manager.go:272.18,273.32 1 0
yx-daq/internal/three_hole/test_manager.go:274.10,275.13 1 1
yx-daq/internal/three_hole/test_manager.go:280.62,281.23 1 1
yx-daq/internal/three_hole/test_manager.go:281.23,282.10 1 0
yx-daq/internal/three_hole/test_manager.go:283.19,284.10 1 0
yx-daq/internal/three_hole/test_manager.go:285.45,285.45 0 0
